Case #1: 3
Case #2: 1
Case #3: 1 2
Case #4: 2 7
Case #5: 259 14723 29187 43636
Case #6: 55656832 13301982659 26548308486 39794634313 53040960140
Case #7: 94288 9145876 18197447
Case #8: 2 204 406 608 810 1012 1214 1416 1618 1820 2022 2224 2426 2628 2830 3032 3234 3436 3638 3840 4042 4244 4446 4648 4850 5052 5254 5456 5658 5860 6062 6264 6466 6668 6870 7072 7274 7476 7678 7880 8082 8284 8486 8688 8890 9092 9294 9496 9698 9900
Case #9: 1
Case #10: 115349 27222154 54328959 81435764 108542569 135649374 162756179 189862984 216969789 244074241
Case #11: 15038336683837 10165915598273218 20316792859862599 30467670121451980 40618547383041361 50769424644630742 60920301906220123 71071179167809504 81222053859615745
Case #12: 5332 1519352 3033372 4547392 6061412 7575432 9089452 10603472 12117492 13631512 15145532 16659552 18173572 19687592 21201612 22715632 24229652 25743672
Case #13: 1 2 3 4 5 6 7 8 9 10 11 12 13 14 15 16 17 18 19 20 21 22 23 24 25 26 27 28 29 30 31 32 33 34 35 36 37 38 39 40 41 42 43 44 45 46 47 48 49 50 51 52 53 54 55 56 57 58 59 60 61 62 63 64 65 66 67 68 69 70 71 72 73 74 75 76
Case #14: 144115188075855873
Case #15: 1
Case #16: 1447 209687 417927 626167 834407 1042647 1250887 1459127 1667367 1823509
Case #17: 83385908498332846
Case #18: 1 2 3
Case #19: 1125899906842625
Case #20: 311559344408 202202014520208 404092469696008 605982924871808 807873380047608 1009763835223408 1211654290399208 1413544745575008 1615435200750808 1817325655926608 2018908304926785
Case #21: 16
Case #22: 2 184 366 548 730 912 1094 1276 1458 1640 1822 2004 2186 2368 2550 2732 2914 3096 3278 3460 3642 3824 4006 4188 4370 4552 4734 4916 5098 5280 5462 5644 5826 6008 6190 6372 6554 6736 6918 7100 7282 7464 7646 7828 8010
Case #23: 2
Case #24: 1
Case #25: 704785453280 525065162692920 1049425539932560 1573785917172200 2098146294411840 2622506671651480 3146867048891120 3671227426130760 4195587803370400 4719948180610040 5244308557849680 5768668935080389
Case #26: 5811307336
Case #27: 60 9981 19902 29823 39744 49665 59586 69507 79428 89349 99270 109191 119112 129033 138954 148875 158796 168717 178638
Case #28: 335466937132 52355092550657
Case #29: 2691220876
Case #30: 43647573605 20296121725925 40548595878245 60801070030565 81053544182885 101306018335205 121558492487525 141810239176744
Case #31: 259374246 23579476911
Case #32: 386180944347799 100793226470476933
Case #33: 1
Case #34: 4543326082 2676019061759 5347494797436 8018970533113 10690446268790 13361922004467 16033397740144 18704873475821 21376349211498 24047824947175 26719300682852 29390776418529 31680559312501
Case #35: 1
Case #36: 511713754 56327602177
Case #37: 1 2 3 4 5 6 7 8 9 10 11 12 13 14 15 16 17 18 19 20 21 22 23 24 25 26 27 28 29 30 31 32 33 34 35 36 37 38 39 40 41 42 43 44 45 46
Case #38: 73249906 18532226015 36991202124 55450178233 73909154342 92296806768
Case #39: 54922876
Case #40: 58629828 30311620596 60564611364 90817602132 121070592900 151323583668 181576574436 211829565204 242082555972 272335546740 302588537508 332841528276 363094519044 393347509812 423599834332
Case #41: 146177 37421082 74695987 111970892 149245797 186520702 223795607 261070512 298345417 335620322 372751809
Case #42: 102 29805 59508 89211 118914 148617 178320 208023 237726 267429 297132 326835 356538 386241 415944 445647 475350 505053 534756 564459 594162 623865 653568 683271 712974 742677 772380 802083 831786 861489 891192 920895 950598
Case #43: 1
Case #44: 623749 57384866
Case #45: 234611 70617636 141000661 211383686 281766711 352149736 422532761 492915786 563298811 633681836 704064861 774447886 830750461
Case #46: 80 18101 36122 54143 72164 90185 108206 126227 144248 162269 180290 198311 216332 234353 252374 270395 288416 306437 324458 342479 360500 378521 396542 414563 432584 450528
Case #47: 1 2 3 4 5 6 7 8 9 10 11 12 13 14 15 16 17 18 19 20 21 22 23 24 25 26 27 28 29 30 31 32 33 34 35 36 37 38 39 40 41 42 43 44 45 46 47 48 49 50 51 52 53 54 55 56 57 58 59
Case #48: 1324984810457 307396476025914
Case #49: 32769
Case #50: 1 2 3 4 5 6 7 8 9 10 11 12 13 14 15 16 17 18 19 20 21 22 23 24 25 26 27 28 29 30 31 32 33 34 35 36 37 38 39 40 41 42 43 44 45 46 47 48 49 50 51 52 53 54 55 56 57 58 59 60 61 62 63 64 65 66 67 68 69 70 71 72 73 74 75 76 77 78 79 80 81 82 83 84 85 86 87 88 89 90 91 92 93 94 95 96 97 98 99 100
Case #51: 64556654597 32084657334277 64104758013957 96124858693637 128144959373317 160165060052997 192185160732677 224205261412294
Case #52: 8103 2860023 5711943 8563863 11415783 14267703 17119623 19971543 22823463 25675383 28527303 31379223 34231143 37083063 39934983 42786903 45638823 48490743 51342663 54194583 57046503 59898423 62037273
Case #53: 361254 50214204 100067154 149920104
Case #54: 133874594952 23695801792306
Case #55: 16 565 1114 1663 2029
Case #56: 66249832608235 55517359725700174 110968469618792113 166419579511884052 221870689404975991 277321799298067930 332772909191159869 388224019084251808 443675128977343747 499126238870435686 554577341344724449
Case #57: 875715 412461320 824046925 1235632530 1647218135 2058803740 2470389345 2881974950 3293560555 3705146160 4116731765 4528317370 4939902975 5351488580 5763074185 6174659790 6586245395 6997831000 7409416605
Case #58: 414142459664 282031015030568 563647887601472 845264760172376 1126881632743280 1408498505314184 1690115377885088 1971732250455992 2253349123026896 2534965995597800 2816582868161221
Case #59: 28
Case #60: 5
Case #61: 7 49
Case #62: 38219 6153124 12268029 18382934 24497839 30612744 36726526
Case #63: 1144132808 284889069008 568634005208 852378941408
Case #64: 1 2 3 4 5 6 7 8 9 10 11 12 13 14 15 16 17 18 19 20 21 22 23 24 25 26 27 28 29 30 31 32 33 34 35 36 37 38 39 40 41 42 43 44 45 46 47 48 49 50 51 52 53 54
Case #65: 4398046511105
Case #66: 30399297484750849
Case #67: 433
Case #68: 2025338633733 1022796010034742 2043566681435751 3064337352836760 4085108024237769 5105878695638778 6126614447219614
Case #69: 12345678900000001
Case #70: 1
Case #71: 102030405060709 91011121314151618 181920212223242527 272829303132333436 363738394041424345 454647484950515254 545556575859606163 636465666768697072 727374757677787981 818283848586878890 909192939495969799 990000000000000001
Case #72: 100 28621 57142 85663 114184 142705 171226 199747 228268 256789 285310 313831 342352 370873 399394 427915 456436 484957 513478 541999 570520 599041 627562 656083 684604 713125 741646 770167 798688 827209 855730 884251 903265
Case #73: 10936
Case #74: 10003 3930803 7851603 11772403 15693203 19614003 23534803 27455603 31376403 35297203 39218003 43138803 47059603 50980403 54901203 58822003 62742803 66663603 70584403 74505203 78426003 82346803 86267603 90188403 94109104
Case #75: 18923044006 3425070964987
Case #76: 6
Case #77: 1 2 3 4 5 6 7 8 9 10 11
Case #78: 745475 332481430 664217385 995953340 1327689295 1659425250 1991161205 2322897160 2654633115 2986369070 3318105025 3649840980 3981576935 4313312890 4645048845 4976784800 5308520755 5640256710
Case #79: 89755746305
Case #80: 1
Case #81: 2 126 250 374 498 622 746 870 994 1118 1242 1366 1490 1614 1738 1862 1986 2110 2234 2358 2482 2606 2730 2854 2978 3102 3226 3350 3474 3598 3661
Case #82: 47363281251
Case #83: 1
Case #84: 3265338 806538276 1609811214 2413084152 3216357090 4019630028 4822902966
Case #85: 103 30406 60709 91012 121315 151618 181921 212224 242527 272830 303133 333436 363739 394042 424345 454648 484951 515254 545557 575860 606163 636466 666769 697072 727375 757678 787981 818284 848587 878890 909193 939496 969799 990001
Case #86: 2 12
Case #87: 136
Case #88: 268822560488 170164680788336 340060539016184 509956397244032 679852255471880 849748113699728 1019643971927576 1189539830155424 1359435688383272 1529331546611120
Case #89: 1 2 3 4 5 6 7 8 9 10 11 12 13 14
Case #90: 49357525892312 17423206639985905 34797055754079498
Case #91: 2 84 166 248 330 412 494 576 658 740 822 904 986 1068 1150 1232 1314 1396 1478 1560
Case #92: 1235 56790
Case #93: 2 122 242 362 482 602 722 842 962 1082 1202 1322 1442 1562 1682 1802 1922 2042 2162 2282 2402 2522 2642 2762 2882 3002 3122 3242 3362 3423
Case #94: 1 2 3 4 5
Case #95: 1 2 3 4
Case #96: 1
Case #97: 11219468289
Case #98: 1
Case #99: 920521275489999
Case #100: 10204 4050608 8091012 12131416 16171820 20212224 24252628 28293032 32333436 36373840 40414244 44454648 48495052 52535456 56575860 60616264 64656668 68697072 72737476 76777880 80818284 84858688 88899092 92939496 96979900
