Case #1: 3
Case #2: 1
Case #3: 1 2
Case #4: 2 7
Case #5: 115444302122734 64764253490853314 129413062679583894 194061871868314474 258710681057045054 323359490245587076
Case #6: 44 5213 10382 15551 20720 25889 31058 36227 41396 46565 51734 56903 62072 67200
Case #7: 355457590375447
Case #8: 83385908498332846
Case #9: 1 2 3 4
Case #10: 4289136 1136620812 2268952488 3401284164 4533615840 5665947516 6798279192 7930517626
Case #11: 2 36 70 104 138 172 206 240
Case #12: 113246209
Case #13: 8670079 1404552686 2800435293 4195971073
Case #14: 144115188075855873
Case #15: 1216
Case #16: 16
Case #17: 2
Case #18: 76 16285 32494 48703 64912 81121 97330 113539 129748 145957 162166 178375 194584 210793 227002 243211 259420 275629 291838 308047 324256 340465 356674 372883 383689
Case #19: 1
Case #20: 3252 718488 1433724 2148960 2864196 3579432 4294668 5009904 5725140 6440376 7155612 7870848 8586084 9301320
Case #21: 1
Case #22: 2 12
Case #23: 30 2301 4572 6843 9114 11385 13656 15927 18198
Case #24: 2 202 402 602 802 1002 1202 1402 1602 1802 2002 2202 2402 2602 2802 3002 3202 3402 3602 3802 4002 4202 4402 4602 4802 5002 5202 5402 5602 5802 6002 6202 6402 6602 6802 7002 7202 7402 7602 7802 8002 8202 8402 8602 8802 9002 9202 9402 9602 9703
Case #25: 6
Case #26: 1579343821669 769140441152398 1536701538483127 2304262635813856 3071823733144585 3839384830475314 4521632646093751
Case #27: 1
Case #28: 2 204 406 608 810 1012 1214 1416 1618 1820 2022 2224 2426 2628 2830 3032 3234 3436 3638 3840 4042 4244 4446 4648 4850 5052 5254 5456 5658 5860 6062 6264 6466 6668 6870 7072 7274 7476 7678 7880 8082 8284 8486 8688 8890 9092 9294 9496 9698 9900
Case #29: 1 2 3 4 5 6 7 8 9 10 11 12 13 14 15 16 17 18 19 20 21 22 23 24 25 26 27 28 29 30 31 32 33 34 35 36 37 38 39 40 41 42 43 44 45 46 47 48 49 50 51 52 53 54 55 56 57 58 59 60 61 62 63 64 65 66 67 68 69 70 71 72 73
Case #30: 1296932067758066 309962971344909313
Case #31: 721083 317997188 635273293 952549398 1269825503 1587101608 1904377713 2221653818 2538929923 2856206028 3173482133 3490758238 3808034343 4125310448 4442586553 4759862658 5077138763 5394414779
Case #32: 12756577832 4809229842352 9605703106872 14402176371392 19198649635912 23995122900432
Case #33: 486959 187965814 375444669 562923524 750402379 937881234 1125360089 1312838944 1500317799 1687796654 1875275509 2062754364 2250233219 2437712074 2625190929 2812663621
Case #34: 3706377605 1130445169285 2257183960965 3383922752645 4510661544286
Case #35: 103 30406 60709 91012 121315 151618 181921 212224 242527 272830 303133 333436 363739 394042 424345 454648 484951 515254 545557 575860 606163 636466 666769 697072 727375 757678 787981 818284 848587 878890 909193 939496 969799 990001
Case #36: 16385
Case #37: 30399297484750849
Case #38: 5760054728 1895058005248 3784355955768 5673653906288 7562951856808 9446623631425
Case #39: 131073
Case #40: 933666069237 421083397225518 841233128381799 1261382859538080 1681532590694361 2101682321715286
Case #41: 1
Case #42: 1 2 3 4 5 6 7 8 9 10 11 12 13 14 15 16 17 18 19 20 21 22 23 24 25 26 27 28 29 30 31 32 33 34 35 36 37 38 39 40 41 42 43 44 45 46 47 48 49 50 51 52 53 54 55 56 57 58 59 60 61 62 63 64 65 66 67 68 69 70 71 72 73 74 75 76 77 78 79 80 81 82 83 84 85 86 87 88 89 90 91 92 93 94 95 96 97 98 99 100
Case #43: 83 19526 38969 58412 77855 97298 116741 136184 155627 175070 194513 213956 233399 252842 272285 291728 311171 330614 350057 369500 388943 408386 427829 447272 466715 486158 505521
Case #44: 11 230 441
Case #45: 623749 57384866
Case #46: 33
Case #47: 2 124 246 368 490 612 734 856 978 1100 1222 1344 1466 1588 1710 1832 1954 2076 2198 2320 2442 2564 2686 2808 2930 3052 3174 3296 3418 3540
Case #48: 7846126
Case #49: 123456790
Case #50: 45954942107649
Case #51: 2 98 194 290 386 482 578 674 770 866 962 1058 1154 1250 1346 1442 1538 1634 1730 1826 1922 2018 2114 2163
Case #52: 12445558292 1643697402816
Case #53: 8304 406054
Case #54: 673907 290453512 580233117 870012722 1159792327 1449571932 1739351537 2029131142 2318910747 2608690352 2898469957 3188249562 3478029167 3767808772 4057588377 4347367982 4637147587 4926260944
Case #55: 1
Case #56: 2739129
Case #57: 268822560488 170164680788336 340060539016184 509956397244032 679852255471880 849748113699728 1019643971927576 1189539830155424 1359435688383272 1529331546611120
Case #58: 24251
Case #59: 1852 305432 609012 912592 1216172 1519752 1823332 2126912 2430492 2734072 3035845
Case #60: 1
Case #61: 2436804 558027924 1113619044 1669210164 2224801284 2780392404 3335922604
Case #62: 10204 4050608 8091012 12131416 16171820 20212224 24252628 28293032 32333436 36373840 40414244 44454648 48495052 52535456 56575860 60616264 64656668 68697072 72737476 76777880 80818284 84858688 88899092 92939496 96979900
Case #63: 1
Case #64: 2302946864 647128068568 1291953190272 1936778311976 2581601704705
Case #65: 1235 56790
Case #66: 2 96 190 284 378 472 566 660 754 848 942 1036 1130 1224 1318 1412 1506 1600 1694 1788 1882 1976 2070
Case #67: 543450587048 387480268564576 774417086542104 1161353904519632 1548290722497160 1935227540474688 2322164358452216 2709101176429744 3096037994407272 3482974812384800 3869911630362328 4256310969000001
Case #68: 82490349246373 71354152098111862 142625813846977351 213897475595842840 285169137344708329 356440799093573818 427712460842439307 498984122591304796 570255784340170285 641527446089035774 712799107837891756
Case #69: 1 2 3 4 5 6 7 8 9 10 11 12 13 14 15 16 17 18 19 20 21 22 23 24 25 26
Case #70: 5
Case #71: 102030405060709 91011121314151618 181920212223242527 272829303132333436 363738394041424345 454647484950515254 545556575859606163 636465666768697072 727374757677787981 818283848586878890 909192939495969799 990000000000000001
Case #72: 1 2 3
Case #73: 36028797018963969
Case #74: 1
Case #75: 20553528848 8406393298488 16792233068128 25178072837768 33563912607408 41949752377048 50335584688897
Case #76: 19 838 1657 2476 3295 3841
Case #77: 2 76 150 224 298 372 446 520 594 668 742 816 890 964 1038 1112 1186 1260
Case #78: 343955644822656 151684439366790977 303024923088759298 454365406810656933
Case #79: 213943263773 130291447637213 260368952010653 390446456384093 520523960757533 650601465130973 780678969504413 910756473877853 1040833978251293 1170911482162115
Case #80: 144548726565 49580213211534 99015877696503 148451542181472 197883592887358
Case #81: 2692966 632846812 1263000658 1893154504 2523308350 3153462196 3783614401
Case #82: 5056619345189 2917669362173558 5830282105001927 8742894847830296 11655507590658665 14568120333487034 17480733076315403 20388365797109376
Case #83: 154092184 45457194035 90760295886 136063397737 181366499588 226669601439 265497248059
Case #84: 32 2645 5258 7871 10484 13097 15710 18323 20936 23520
Case #85: 1
Case #86: 1
Case #87: 12346 678901
Case #88: 1 2 3 4 5 6 7 8 9 10 11 12 13 14 15 16 17 18 19 20 21 22 23 24 25 26 27 28 29 30 31 32 33 34 35 36 37 38 39 40 41 42 43 44 45 46 47 48 49 50 51 52 53 54 55 56 57 58 59 60 61 62 63 64 65 66 67 68 69 70 71 72 73 74 75 76 77 78 79 80 81 82 83 84 85 86 87 88 89 90 91 92 93 94 95 96 97
Case #89: 2404 454184 905964 1357744 1809524 2261304 2713084 3164864 3616644 4068424 4520204 4971984
Case #90: 101711 22986486 45871261 68756036 91640811 114525586 137410361 160295136 183179911 201485521
Case #91: 8796093022209
Case #92: 12345678900000001
Case #93: 359537836106 71548029377757
Case #94: 70107316 37928057452 75786007588 113643957724 151501907860 189359857996 227217808132 265075758268 302933708404 340791658540 378649608676 416507558812 454365508948 492223459084 530081409220 561628930591
Case #95: 2 182 362 542 722 902 1082 1262 1442 1622 1802 1982 2162 2342 2522 2702 2882 3062 3242 3422 3602 3782 3962 4142 4322 4502 4682 4862 5042 5222 5402 5582 5762 5942 6122 6302 6482 6662 6842 7022 7202 7382 7562 7742 7833
Case #96: 123456789001
Case #97: 28
Case #98: 152686330658692 45958585528266136 91617445079041025
Case #99: 1 2 3 4 5 6 7 8 9 10 11 12 13 14 15 16 17 18 19 20 21 22 23 24 25 26 27 28 29 30 31 32 33 34 35 36 37 38 39
Case #100: 7 49
