Case #1: CAB
Case #2: MJA
Case #3: OCDE
Case #4: BBAAA
Case #5: CCCABBBAB
Case #6: CCCBAABAB
Case #7: ZXCASDQWE
Case #8: CBBAAAAAAABBA
Case #9: CCCCBABABAAABBB
Case #10: BBA
Case #11: CBBBAAAAAAAAB
Case #12: CBA
Case #13: BA
Case #14: CCBBBBAAAABBBAA
Case #15: MMLJGFBAKIHEDCA
Case #16: BAA
Case #17: AA
Case #18: WPLDHHBNBHDPQQM
Case #19: BAA
Case #20: MMALJIFCABDEGHK
Case #21: ZAYBXCWDUE
Case #22: CBAAAAAAAAAAA
Case #23: CCCCCCABBAAAAAA
Case #24: MMLJIHFCAAKGEDB
Case #25: DCCCCBAAAABBAB
Case #26: CCCCCBBBBBAAAAA
Case #27: CCCCCABBBBBAAAA
Case #28: CCCCCBBBBBAAAAA
Case #29: ZDCBA
Case #30: BAA
Case #31: CCCCCBBBBAAAAAB
Case #32: CCCCCBBBBBAAAAA
Case #33: CCCCCBBBBBAAAAA
Case #34: DCBBBBBAAAAAAB
Case #35: BBB
Case #36: CBA
Case #37: CCBBBBBAAAAABBA
Case #38: OMJCEINHGKFDBLA
Case #39: AAA
Case #40: MMADLAKJIHGFECB
Case #41: ONJHLKBIGMDFCEA
Case #42: CCCCCCCCABAAAAA
Case #43: CAB
Case #44: BAAA
Case #45: CCCCCBBBBBAAAAA
Case #46: ZADBC
Case #47: BBA
Case #48: RRBAACADABA
Case #49: BBBBBAAAAAAAA
Case #50: BAAA
Case #51: CCCCCCCCCBBBABA
Case #52: ZEDCBAYXWU
Case #53: ONMLDAGHIJFKBCE
Case #54: ZVTRNJHJFNHRHYW
Case #55: BAAA
Case #56: CCCCCCCAABBBBBB
Case #57: CCCBBBBAABAABAB
Case #58: BB
Case #59: CCCCCCCCCABBBAB
Case #60: CCCCCBBBBBAAAAA
Case #61: ZRPFKLFTQBMXGFD
Case #62: BBA
Case #63: ZDABC
Case #64: CCCCAABBAAABABA
Case #65: ONIGLKAMHJFEDCB
Case #66: CBA
Case #67: ZABYCXDWEU
Case #68: CCCCCCCCAAABBAA
Case #69: CBBBBBAAAAAAA
Case #70: OMKAJLBDIFEHGCN
Case #71: DCBBBBAAAAAAA
Case #72: OECHBFJDKGAILNM
Case #73: Z
Case #74: CCCCCCCCBABABBA
Case #75: CCCCCBBAAABBAAB
Case #76: BA
Case #77: OJGFEBADCIKHMNL
Case #78: CCCCCBBBBAAAAAB
Case #79: ZACBA
Case #80: CCCCBBAAAAAAABB
Case #81: MMLAKHFDCABEGIJ
Case #82: OFDCBAGHIJKLMNE
Case #83: DCBBAABABAABB
Case #84: ONMKGCDFEIBJALH
Case #85: MMLKJIGDABCEFHA
Case #86: A
Case #87: ZYYTLNJGLKJRXXV
Case #88: CCCCCBBBBBAAAAA
Case #89: CBBBBBAAAAAAA
Case #90: BAAA
Case #91: CBA
Case #92: CCCCCBBABBAAAAA
Case #93: CCCCCBBBBBBBABB
Case #94: ZABCD
Case #95: CCCCABABBAABAAB
Case #96: CCCAABABABABBAA
Case #97: DCCCBBBBAAABA
Case #98: OKNLMCIHGFEDJBA
Case #99: XWVTLFPSGHWNRHK
Case #100: ZAAAA
