Case #1: 3 4 6
Case #2: 6 12 13 16 17 20 22 24 25 26
Case #3: 27 36 47 53 58 84 105
Case #4: 6 9 11 12
Case #5: 22 222
Case #6: 51 107 117 125 138 151 164 197 220 235
Case #7: 1 4 5 8 10 12 15 16 18 21 23
Case #8: 2 4 7 10 12 15 16 18 20 23 26 29 30 32 34 35 38 39
Case #9: 1 2 3
Case #10: 2 22
Case #11: 2 3 4
Case #12: 29 32 35 38 40 42 44 48 51 52 55 58 59 65 67 68
Case #13: 46 91 110 127 154 157 190 203 206 211 234 260 264 265 284 313 326 336 366 367 392 444 468 480 491
Case #14: 13 14 15 16 17 18 19 20 21 22 23 24 25 26 27 28 29 30 31 32 33 34 35 36 37
Case #15: 3 5 7 8 9 11 14 15 17 18 20 22 23 26 27 28 29 32 35 36 37
Case #16: 4 9 13 16 17 18 28
Case #17: 12 13 14 15 16 17 18 19 20 21 22 23 24 25 26 27 28 29 30 31 32 33 34 35 36 37 38 39 40 41 42 43 44 45 46 47 48 49 50 51 52 53 54 55 56 57 58 59 60 61
Case #18: 17 20 21 25 28 31 36 39 40 43 45 48
Case #19: 5 7 9 11 13 14 17 19 20 22 23 25 27 28 29 31 33 35 37 39 41 43 44 45 46
Case #20: 19 44 69 94 119 144 169 194 219 244 269 294 319 344 369 394 419 444 469 494 519 544 569 594 619
Case #21: 9 32 54 75 95 114 132 149 165 166 167 168 169 170 171 172 173 174 175 176 177 178 179 180 318
Case #22: 2 6
Case #23: 15 40 61 63
Case #24: 3 4 5 6
Case #25: 1 2 3 4 6 7 9 11 12 13
Case #26: 9 13 15 17 19 22 24 25 26 27 29 30 32 34 36 37 39 41
Case #27: 7 10 12 13
Case #28: 2 3 5 7 8 9 11 13 16 17 18 19 21 24
Case #29: 2 4 5 8
Case #30: 8 16 23 29 34 38 41 43 44 61
Case #31: 18 19 23 24 27 31 34 35 42 45 48 49 51 54 58 60 61 65 67 70 73 76 77 79 80
Case #32: 4 5 6 9 11 12 14
Case #33: 4 8
Case #34: 54 61 66 72 76 79 81 85 88 94 98 99 103 107 111 115 121
Case #35: 1 5 9 13
Case #36: 5 6 7 11 14 17 20
Case #37: 5 12 19 26 33 40 47
Case #38: 84 92 96 113 117 122 124 127 130 137 138 143 146 148 150 154 156 160 162 163 165 169 172 176 178 185 187 190 191 192 198 199 202 204 210 212 215 218 221 222 223 225 228 233 235 237 238 240 243 246
Case #39: 491 518 577 628 636 685 724 780 793 818 849 863 880 902 923 925 939 961 979 984 1033 1041 1077 1084 1132 1157 1158 1197 1210 1233 1248 1262 1278 1280 1301 1323 1355 1383 1406 1425 1426 1448 1466 1479 1498 1512 1533 1556 1570 1608
Case #40: 14 16 18 21 23 25 27 28 29 31 34 35 37 38
Case #41: 6 8
Case #42: 2 4
Case #43: 78 81 85 86 93 95 98 102 105 106 109 112 114 115 116 119 120 122 123 125 128 131 132 135 137 139 141 142 145 146 151 153 154 155 157 161 163 164 166 167 169 172 173 174 178 181 182 184 187 189
Case #44: 21 22 23 24 25 26 27 28 29 30
Case #45: 13 63 113 163 213 263 313 363 413 463 513 563 613 663 713 763 813 863 913 963 1013 1063 1113 1163 1213 1263 1313 1363 1413 1463 1513 1563 1613 1663 1713 1763 1813 1863 1913 1963 2013 2063 2113 2163 2213 2263 2313 2363 2413 2463
Case #46: 3 4 5 6 7 8 9 10 11 12
Case #47: 39 48 49 52 55 58 60 64 67 68 72 74 80 82 84 89 91 93 96
Case #48: 3 4 5
Case #49: 23 71 118 164 209 253 296 338 379 419 458 496 533 569 604 638 671 703 734 764 793 821 848 849 850 851 852 853 854 855 856 857 858 859 860 861 862 863 864 865 866 867 868 869 870 871 872 873 874 1270
Case #50: 4 5 6 7 8 9 10
