Case #1: 3 4 6
Case #2: 9 17 24 30 35 39 42 44 45 63
Case #3: 3 13 23 33 43 53 63 73 83 93
Case #4: 2 5 8 10 13
Case #5: 10 12 14 15 16 19 21
Case #6: 2 3 4
Case #7: 11 14 16 20 22 29
Case #8: 4 5 6
Case #9: 2 6
Case #10: 2 7 8 9 10 11 25
Case #11: 1 2 3 8
Case #12: 10 12 17 20 25 28
Case #13: 11 14 17 21 22 23 28
Case #14: 1 2
Case #15: 4 5 9 14 18 19 20 22 26 30
Case #16: 3 5 7 9 11 12 13
Case #17: 4 6 7 10 15 17 19 21
Case #18: 7 9 11 13 17
Case #19: 6 9
Case #20: 11 14 15 19
Case #21: 6 8
Case #22: 7 14 21 28 35 42 49
Case #23: 1 2 3
Case #24: 13 16 18 24 25 29
Case #25: 9 11 12 14 16 17 20 22
Case #26: 13 16 20 21 22 25 28 30 33 36
Case #27: 14 25 26 32 38 42 47 51 54 56
Case #28: 2 4 6 8
Case #29: 16 18 20 21 26 27 29 30 33 34
Case #30: 3 4 5 8 10 12 14
Case #31: 4 8
Case #32: 4 5 6 7 8 9 10 11 12 13
Case #33: 1 2 3 4 5 6 7
Case #34: 3 5 7 8 10 13
Case #35: 9 11 12
Case #36: 22 222
Case #37: 1 2 3 4
Case #38: 87 92 127 138 152 169 201
Case #39: 57 92 101 117
Case #40: 5 7 8 10 14 16 18
Case #41: 2 22
Case #42: 5 6 7 8
Case #43: 2 4 6
Case #44: 5 6 8 10
Case #45: 86 111 145 193 195 214 224 226 241 254
Case #46: 2 4
Case #47: 7 10 12 14 16 17 19
Case #48: 2 5 6
Case #49: 3 4 5
Case #50: 25 31 45 50 54 56 59 63 69 73
